2020-08-31	15:15:48 输入用户名:操作完成
2020-08-31	15:15:49 输入密码:操作完成
2020-08-31	15:15:50 点击登录:操作完成
2020-08-31	15:15:54 【测试用例】大气环境综合平台跳转测试用例执行成功！
2020-08-31	15:15:57 【测试用例】国控站点AQI连云港筛选结果满足
2020-08-31	15:16:00 【测试用例】国控站点AQI连云区筛选结果满足
2020-08-31	15:16:02 【测试用例】国控站点AQI新浦区筛选结果满足
2020-08-31	15:16:04 【测试用例】国控站点AQI海州区筛选结果满足
2020-08-31	15:16:06 【测试用例】国控站点AQI赣榆区筛选结果满足
2020-08-31	15:16:08 【测试用例】国控站点AQI东海县筛选结果满足
2020-08-31	15:16:10 【测试用例】国控站点AQI灌云县筛选结果满足
2020-08-31	15:16:12 【测试用例】国控站点AQI灌云县筛选结果满足
2020-08-31	15:16:14 【测试用例】国控站点AQI连云港经济技术开发区筛选结果满足
2020-08-31	15:16:15 【测试用例】国控站点PM2.5点击页签成功
2020-08-31	15:16:19 【测试用例】国控站点PM2.5连云港筛选结果满足
2020-08-31	15:16:21 【测试用例】国控站点PM2.5连云区筛选结果满足
2020-08-31	15:16:23 【测试用例】国控站点PM2.5新浦区筛选结果满足
2020-08-31	15:16:25 【测试用例】国控站点PM2.5海州区筛选结果满足
2020-08-31	15:16:27 【测试用例】国控站点PM2.5赣榆区筛选结果满足
2020-08-31	15:16:29 【测试用例】国控站点PM2.5东海县筛选结果满足
2020-08-31	15:16:31 【测试用例】国控站点PM2.5灌云县筛选结果满足
2020-08-31	15:16:33 【测试用例】国控站点PM2.5灌云县筛选结果满足
2020-08-31	15:16:36 【测试用例】国控站点PM2.5连云港经济技术开发区筛选结果满足
2020-08-31	15:16:37 【测试用例】国控站点PM10点击页签成功
2020-08-31	15:16:40 【测试用例】国控站点PM10连云港筛选结果满足
2020-08-31	15:16:42 【测试用例】国控站点PM10连云区筛选结果满足
2020-08-31	15:16:44 【测试用例】国控站点PM10新浦区筛选结果满足
2020-08-31	15:16:46 【测试用例】国控站点PM10海州区筛选结果满足
2020-08-31	15:16:48 【测试用例】国控站点PM10赣榆区筛选结果满足
2020-08-31	15:16:50 【测试用例】国控站点PM10东海县筛选结果满足
2020-08-31	15:16:53 【测试用例】国控站点PM10灌云县筛选结果满足
2020-08-31	15:16:55 【测试用例】国控站点PM10灌云县筛选结果满足
2020-08-31	15:16:57 【测试用例】国控站点PM10连云港经济技术开发区筛选结果满足
2020-08-31	15:16:58 【测试用例】国控站点SO2点击页签成功
2020-08-31	15:17:01 【测试用例】国控站点SO2连云港筛选结果满足
2020-08-31	15:17:03 【测试用例】国控站点SO2连云区筛选结果满足
2020-08-31	15:17:05 【测试用例】国控站点SO2新浦区筛选结果满足
2020-08-31	15:17:07 【测试用例】国控站点SO2海州区筛选结果满足
2020-08-31	15:17:09 【测试用例】国控站点SO2赣榆区筛选结果满足
2020-08-31	15:17:12 【测试用例】国控站点SO2东海县筛选结果满足
2020-08-31	15:17:14 【测试用例】国控站点SO2灌云县筛选结果满足
2020-08-31	15:17:16 【测试用例】国控站点SO2灌云县筛选结果满足
2020-08-31	15:17:18 【测试用例】国控站点SO2连云港经济技术开发区筛选结果满足
2020-08-31	15:17:19 【测试用例】国控站点NO2点击页签成功
2020-08-31	15:17:22 【测试用例】国控站点NO2连云港筛选结果满足
2020-08-31	15:17:24 【测试用例】国控站点NO2连云区筛选结果满足
2020-08-31	15:17:26 【测试用例】国控站点NO2新浦区筛选结果满足
2020-08-31	15:17:28 【测试用例】国控站点NO2海州区筛选结果满足
2020-08-31	15:17:31 【测试用例】国控站点NO2赣榆区筛选结果满足
2020-08-31	15:17:33 【测试用例】国控站点NO2东海县筛选结果满足
2020-08-31	15:17:35 【测试用例】国控站点NO2灌云县筛选结果满足
2020-08-31	15:17:37 【测试用例】国控站点NO2灌云县筛选结果满足
2020-08-31	15:17:39 【测试用例】国控站点NO2连云港经济技术开发区筛选结果满足
2020-08-31	15:17:40 【测试用例】国控站点CO点击页签成功
2020-08-31	15:17:43 【测试用例】国控站点CO连云港筛选结果满足
2020-08-31	15:17:45 【测试用例】国控站点CO连云区筛选结果满足
2020-08-31	15:17:47 【测试用例】国控站点CO新浦区筛选结果满足
2020-08-31	15:17:50 【测试用例】国控站点CO海州区筛选结果满足
2020-08-31	15:17:52 【测试用例】国控站点CO赣榆区筛选结果满足
2020-08-31	15:17:54 【测试用例】国控站点CO东海县筛选结果满足
2020-08-31	15:17:56 【测试用例】国控站点CO灌云县筛选结果满足
2020-08-31	15:17:58 【测试用例】国控站点CO灌云县筛选结果满足
2020-08-31	15:18:00 【测试用例】国控站点CO连云港经济技术开发区筛选结果满足
2020-08-31	15:18:01 【测试用例】国控站点O3点击页签成功
2020-08-31	15:18:04 【测试用例】国控站点O3连云港筛选结果满足
2020-08-31	15:18:06 【测试用例】国控站点O3连云区筛选结果满足
2020-08-31	15:18:08 【测试用例】国控站点O3新浦区筛选结果满足
2020-08-31	15:18:11 【测试用例】国控站点O3海州区筛选结果满足
2020-08-31	15:18:13 【测试用例】国控站点O3赣榆区筛选结果满足
2020-08-31	15:18:15 【测试用例】国控站点O3东海县筛选结果满足
2020-08-31	15:18:17 【测试用例】国控站点O3灌云县筛选结果满足
2020-08-31	15:18:19 【测试用例】国控站点O3灌云县筛选结果满足
2020-08-31	15:18:21 【测试用例】国控站点O3连云港经济技术开发区筛选结果满足
2020-08-31	15:18:24 【测试用例】省站点AQI连云港筛选结果满足
2020-08-31	15:18:27 【测试用例】省站点AQI连云区筛选结果满足
2020-08-31	15:18:29 【测试用例】省站点AQI新浦区筛选结果满足
2020-08-31	15:18:31 【测试用例】省站点AQI海州区筛选结果满足
2020-08-31	15:18:33 【测试用例】省站点AQI赣榆区筛选结果满足
2020-08-31	15:23:47 输入用户名:操作完成
2020-08-31	15:23:48 输入密码:操作完成
2020-08-31	15:23:50 点击登录:操作完成
2020-08-31	15:23:53 【测试用例】大气环境综合平台跳转测试用例执行成功！
2020-08-31	15:23:57 【测试用例】国控站点AQI连云港筛选结果满足
2020-08-31	15:23:59 【测试用例】国控站点AQI连云区筛选结果满足
2020-08-31	15:24:01 【测试用例】国控站点AQI新浦区筛选结果满足
2020-08-31	15:24:03 【测试用例】国控站点AQI海州区筛选结果满足
2020-08-31	15:24:05 【测试用例】国控站点AQI赣榆区筛选结果满足
2020-08-31	15:24:07 【测试用例】国控站点AQI东海县筛选结果满足
2020-08-31	15:24:09 【测试用例】国控站点AQI灌云县筛选结果满足
2020-08-31	15:24:11 【测试用例】国控站点AQI灌云县筛选结果满足
2020-08-31	15:24:13 【测试用例】国控站点AQI连云港经济技术开发区筛选结果满足
2020-08-31	15:24:14 【测试用例】国控站点PM2.5点击页签成功
2020-08-31	15:24:18 【测试用例】国控站点PM2.5连云港筛选结果满足
2020-08-31	15:24:20 【测试用例】国控站点PM2.5连云区筛选结果满足
2020-08-31	15:24:22 【测试用例】国控站点PM2.5新浦区筛选结果满足
2020-08-31	15:24:24 【测试用例】国控站点PM2.5海州区筛选结果满足
2020-08-31	15:24:26 【测试用例】国控站点PM2.5赣榆区筛选结果满足
2020-08-31	15:24:28 【测试用例】国控站点PM2.5东海县筛选结果满足
2020-08-31	15:24:30 【测试用例】国控站点PM2.5灌云县筛选结果满足
2020-08-31	15:24:32 【测试用例】国控站点PM2.5灌云县筛选结果满足
2020-08-31	15:24:35 【测试用例】国控站点PM2.5连云港经济技术开发区筛选结果满足
2020-08-31	15:24:36 【测试用例】国控站点PM10点击页签成功
2020-08-31	15:24:39 【测试用例】国控站点PM10连云港筛选结果满足
2020-08-31	15:24:41 【测试用例】国控站点PM10连云区筛选结果满足
2020-08-31	15:24:43 【测试用例】国控站点PM10新浦区筛选结果满足
2020-08-31	15:24:45 【测试用例】国控站点PM10海州区筛选结果满足
2020-08-31	15:24:47 【测试用例】国控站点PM10赣榆区筛选结果满足
2020-08-31	15:24:49 【测试用例】国控站点PM10东海县筛选结果满足
2020-08-31	15:24:52 【测试用例】国控站点PM10灌云县筛选结果满足
2020-08-31	15:24:54 【测试用例】国控站点PM10灌云县筛选结果满足
2020-08-31	15:24:56 【测试用例】国控站点PM10连云港经济技术开发区筛选结果满足
2020-08-31	15:24:57 【测试用例】国控站点SO2点击页签成功
2020-08-31	15:25:00 【测试用例】国控站点SO2连云港筛选结果满足
2020-08-31	15:25:02 【测试用例】国控站点SO2连云区筛选结果满足
2020-08-31	15:25:04 【测试用例】国控站点SO2新浦区筛选结果满足
2020-08-31	15:25:06 【测试用例】国控站点SO2海州区筛选结果满足
2020-08-31	15:25:08 【测试用例】国控站点SO2赣榆区筛选结果满足
2020-08-31	15:25:10 【测试用例】国控站点SO2东海县筛选结果满足
2020-08-31	15:25:13 【测试用例】国控站点SO2灌云县筛选结果满足
2020-08-31	15:25:15 【测试用例】国控站点SO2灌云县筛选结果满足
2020-08-31	15:25:17 【测试用例】国控站点SO2连云港经济技术开发区筛选结果满足
2020-08-31	15:25:18 【测试用例】国控站点NO2点击页签成功
2020-08-31	15:25:21 【测试用例】国控站点NO2连云港筛选结果满足
2020-08-31	15:25:23 【测试用例】国控站点NO2连云区筛选结果满足
2020-08-31	15:25:25 【测试用例】国控站点NO2新浦区筛选结果满足
2020-08-31	15:25:27 【测试用例】国控站点NO2海州区筛选结果满足
2020-08-31	15:25:29 【测试用例】国控站点NO2赣榆区筛选结果满足
2020-08-31	15:25:32 【测试用例】国控站点NO2东海县筛选结果满足
2020-08-31	15:25:34 【测试用例】国控站点NO2灌云县筛选结果满足
2020-08-31	15:25:36 【测试用例】国控站点NO2灌云县筛选结果满足
2020-08-31	15:25:38 【测试用例】国控站点NO2连云港经济技术开发区筛选结果满足
2020-08-31	15:25:39 【测试用例】国控站点CO点击页签成功
2020-08-31	15:25:42 【测试用例】国控站点CO连云港筛选结果满足
2020-08-31	15:25:44 【测试用例】国控站点CO连云区筛选结果满足
2020-08-31	15:25:46 【测试用例】国控站点CO新浦区筛选结果满足
2020-08-31	15:25:49 【测试用例】国控站点CO海州区筛选结果满足
2020-08-31	15:25:51 【测试用例】国控站点CO赣榆区筛选结果满足
2020-08-31	15:25:53 【测试用例】国控站点CO东海县筛选结果满足
2020-08-31	15:25:55 【测试用例】国控站点CO灌云县筛选结果满足
2020-08-31	15:25:57 【测试用例】国控站点CO灌云县筛选结果满足
2020-08-31	15:25:59 【测试用例】国控站点CO连云港经济技术开发区筛选结果满足
2020-08-31	15:26:00 【测试用例】国控站点O3点击页签成功
2020-08-31	15:26:03 【测试用例】国控站点O3连云港筛选结果满足
2020-08-31	15:26:05 【测试用例】国控站点O3连云区筛选结果满足
2020-08-31	15:26:07 【测试用例】国控站点O3新浦区筛选结果满足
2020-08-31	15:26:09 【测试用例】国控站点O3海州区筛选结果满足
2020-08-31	15:26:12 【测试用例】国控站点O3赣榆区筛选结果满足
2020-08-31	15:26:14 【测试用例】国控站点O3东海县筛选结果满足
2020-08-31	15:26:16 【测试用例】国控站点O3灌云县筛选结果满足
2020-08-31	15:26:18 【测试用例】国控站点O3灌云县筛选结果满足
2020-08-31	15:26:20 【测试用例】国控站点O3连云港经济技术开发区筛选结果满足
2020-08-31	15:26:23 【测试用例】省站点AQI连云港筛选结果满足
2020-08-31	15:26:25 【测试用例】省站点AQI连云区筛选结果满足
2020-08-31	15:26:27 【测试用例】省站点AQI新浦区筛选结果满足
2020-08-31	15:26:30 【测试用例】省站点AQI海州区筛选结果满足
2020-08-31	15:26:32 【测试用例】省站点AQI赣榆区筛选结果满足
2020-08-31	15:26:35 【测试用例】省站点AQI东海县筛选结果满足
2020-08-31	15:26:37 【测试用例】省站点AQI灌云县筛选结果满足
2020-08-31	15:26:39 【测试用例】省站点AQI灌云县筛选结果满足
2020-08-31	15:26:41 【测试用例】省站点AQI连云港经济技术开发区筛选结果满足
2020-08-31	15:26:42 【测试用例】省站点PM2.5点击页签成功
2020-08-31	15:26:45 【测试用例】省站点PM2.5连云港筛选结果满足
2020-08-31	15:26:47 【测试用例】省站点PM2.5连云区筛选结果满足
2020-08-31	15:26:49 【测试用例】省站点PM2.5新浦区筛选结果满足
2020-08-31	15:26:51 【测试用例】省站点PM2.5海州区筛选结果满足
2020-08-31	15:26:53 【测试用例】省站点PM2.5赣榆区筛选结果满足
2020-08-31	15:29:34 输入用户名:操作完成
2020-08-31	15:29:35 输入密码:操作完成
2020-08-31	15:29:36 点击登录:操作完成
2020-08-31	15:29:40 【测试用例】大气环境综合平台跳转测试用例执行成功！
2020-08-31	15:29:44 【测试用例】[国控站点]AQI连云港筛选结果满足
2020-08-31	15:29:46 【测试用例】[国控站点]AQI连云区筛选结果满足
2020-08-31	15:29:48 【测试用例】[国控站点]AQI新浦区筛选结果满足
2020-08-31	15:29:50 【测试用例】[国控站点]AQI海州区筛选结果满足
2020-08-31	15:29:52 【测试用例】[国控站点]AQI赣榆区筛选结果满足
2020-08-31	15:29:54 【测试用例】[国控站点]AQI东海县筛选结果满足
2020-08-31	15:29:57 【测试用例】[国控站点]AQI灌云县筛选结果满足
2020-08-31	15:29:59 【测试用例】[国控站点]AQI灌云县筛选结果满足
2020-08-31	15:30:01 【测试用例】[国控站点]AQI连云港经济技术开发区筛选结果满足
2020-08-31	15:30:02 【测试用例】[国控站点]PM2.5点击页签成功
2020-08-31	15:30:05 【测试用例】[国控站点]PM2.5连云港筛选结果满足
2020-08-31	15:30:07 【测试用例】[国控站点]PM2.5连云区筛选结果满足
2020-08-31	15:30:09 【测试用例】[国控站点]PM2.5新浦区筛选结果满足
2020-08-31	15:30:11 【测试用例】[国控站点]PM2.5海州区筛选结果满足
2020-08-31	15:30:13 【测试用例】[国控站点]PM2.5赣榆区筛选结果满足
2020-08-31	15:30:16 【测试用例】[国控站点]PM2.5东海县筛选结果满足
2020-08-31	15:30:18 【测试用例】[国控站点]PM2.5灌云县筛选结果满足
2020-08-31	15:30:20 【测试用例】[国控站点]PM2.5灌云县筛选结果满足
2020-08-31	15:30:22 【测试用例】[国控站点]PM2.5连云港经济技术开发区筛选结果满足
2020-08-31	15:30:23 【测试用例】[国控站点]PM10点击页签成功
2020-08-31	15:30:26 【测试用例】[国控站点]PM10连云港筛选结果满足
2020-08-31	15:30:28 【测试用例】[国控站点]PM10连云区筛选结果满足
2020-08-31	15:30:30 【测试用例】[国控站点]PM10新浦区筛选结果满足
2020-08-31	15:30:32 【测试用例】[国控站点]PM10海州区筛选结果满足
2020-08-31	15:30:34 【测试用例】[国控站点]PM10赣榆区筛选结果满足
2020-08-31	15:30:36 【测试用例】[国控站点]PM10东海县筛选结果满足
2020-08-31	15:30:39 【测试用例】[国控站点]PM10灌云县筛选结果满足
2020-08-31	15:30:41 【测试用例】[国控站点]PM10灌云县筛选结果满足
2020-08-31	15:30:43 【测试用例】[国控站点]PM10连云港经济技术开发区筛选结果满足
2020-08-31	15:30:44 【测试用例】[国控站点]SO2点击页签成功
2020-08-31	15:30:47 【测试用例】[国控站点]SO2连云港筛选结果满足
2020-08-31	15:30:49 【测试用例】[国控站点]SO2连云区筛选结果满足
2020-08-31	15:30:51 【测试用例】[国控站点]SO2新浦区筛选结果满足
2020-08-31	15:30:53 【测试用例】[国控站点]SO2海州区筛选结果满足
2020-08-31	15:30:55 【测试用例】[国控站点]SO2赣榆区筛选结果满足
2020-08-31	15:30:57 【测试用例】[国控站点]SO2东海县筛选结果满足
2020-08-31	15:31:00 【测试用例】[国控站点]SO2灌云县筛选结果满足
2020-08-31	15:31:02 【测试用例】[国控站点]SO2灌云县筛选结果满足
2020-08-31	15:31:04 【测试用例】[国控站点]SO2连云港经济技术开发区筛选结果满足
2020-08-31	15:31:05 【测试用例】[国控站点]NO2点击页签成功
2020-08-31	15:31:08 【测试用例】[国控站点]NO2连云港筛选结果满足
2020-08-31	15:31:10 【测试用例】[国控站点]NO2连云区筛选结果满足
2020-08-31	15:31:12 【测试用例】[国控站点]NO2新浦区筛选结果满足
2020-08-31	15:31:14 【测试用例】[国控站点]NO2海州区筛选结果满足
2020-08-31	15:31:16 【测试用例】[国控站点]NO2赣榆区筛选结果满足
2020-08-31	15:31:18 【测试用例】[国控站点]NO2东海县筛选结果满足
2020-08-31	15:31:21 【测试用例】[国控站点]NO2灌云县筛选结果满足
2020-08-31	15:31:23 【测试用例】[国控站点]NO2灌云县筛选结果满足
2020-08-31	15:31:25 【测试用例】[国控站点]NO2连云港经济技术开发区筛选结果满足
2020-08-31	15:31:26 【测试用例】[国控站点]CO点击页签成功
2020-08-31	15:31:29 【测试用例】[国控站点]CO连云港筛选结果满足
2020-08-31	15:31:31 【测试用例】[国控站点]CO连云区筛选结果满足
2020-08-31	15:31:33 【测试用例】[国控站点]CO新浦区筛选结果满足
2020-08-31	15:31:35 【测试用例】[国控站点]CO海州区筛选结果满足
2020-08-31	15:31:37 【测试用例】[国控站点]CO赣榆区筛选结果满足
2020-08-31	15:31:40 【测试用例】[国控站点]CO东海县筛选结果满足
2020-08-31	15:31:42 【测试用例】[国控站点]CO灌云县筛选结果满足
2020-08-31	15:31:44 【测试用例】[国控站点]CO灌云县筛选结果满足
2020-08-31	15:31:46 【测试用例】[国控站点]CO连云港经济技术开发区筛选结果满足
2020-08-31	15:31:47 【测试用例】[国控站点]O3点击页签成功
2020-08-31	15:31:50 【测试用例】[国控站点]O3连云港筛选结果满足
2020-08-31	15:31:52 【测试用例】[国控站点]O3连云区筛选结果满足
2020-08-31	15:31:54 【测试用例】[国控站点]O3新浦区筛选结果满足
2020-08-31	15:31:56 【测试用例】[国控站点]O3海州区筛选结果满足
2020-08-31	15:31:58 【测试用例】[国控站点]O3赣榆区筛选结果满足
2020-08-31	15:32:01 【测试用例】[国控站点]O3东海县筛选结果满足
2020-08-31	15:32:03 【测试用例】[国控站点]O3灌云县筛选结果满足
2020-08-31	15:32:05 【测试用例】[国控站点]O3灌云县筛选结果满足
2020-08-31	15:32:07 【测试用例】[国控站点]O3连云港经济技术开发区筛选结果满足
2020-08-31	15:32:10 【测试用例】[省站点]AQI连云港筛选结果满足
2020-08-31	15:32:12 【测试用例】[省站点]AQI连云区筛选结果满足
2020-08-31	15:32:14 【测试用例】[省站点]AQI新浦区筛选结果满足
2020-08-31	15:32:16 【测试用例】[省站点]AQI海州区筛选结果满足
2020-08-31	15:32:19 【测试用例】[省站点]AQI赣榆区筛选结果满足
2020-08-31	15:32:22 【测试用例】[省站点]AQI东海县筛选结果满足
2020-08-31	15:32:24 【测试用例】[省站点]AQI灌云县筛选结果满足
2020-08-31	15:32:26 【测试用例】[省站点]AQI灌云县筛选结果满足
2020-08-31	15:32:28 【测试用例】[省站点]AQI连云港经济技术开发区筛选结果满足
2020-08-31	15:32:29 【测试用例】[省站点]PM2.5点击页签成功
2020-08-31	15:32:32 【测试用例】[省站点]PM2.5连云港筛选结果满足
2020-08-31	15:32:34 【测试用例】[省站点]PM2.5连云区筛选结果满足
2020-08-31	15:32:36 【测试用例】[省站点]PM2.5新浦区筛选结果满足
2020-08-31	15:32:38 【测试用例】[省站点]PM2.5海州区筛选结果满足
2020-08-31	15:32:41 【测试用例】[省站点]PM2.5赣榆区筛选结果满足
2020-08-31	15:32:44 【测试用例】[省站点]PM2.5东海县筛选结果满足
2020-08-31	15:32:46 【测试用例】[省站点]PM2.5灌云县筛选结果满足
2020-08-31	15:32:48 【测试用例】[省站点]PM2.5灌云县筛选结果满足
2020-08-31	15:32:50 【测试用例】[省站点]PM2.5连云港经济技术开发区筛选结果满足
2020-08-31	15:32:51 【测试用例】[省站点]PM10点击页签成功
2020-08-31	15:32:54 【测试用例】[省站点]PM10连云港筛选结果满足
2020-08-31	15:32:56 【测试用例】[省站点]PM10连云区筛选结果满足
2020-08-31	15:32:58 【测试用例】[省站点]PM10新浦区筛选结果满足
2020-08-31	15:33:00 【测试用例】[省站点]PM10海州区筛选结果满足
2020-08-31	15:33:02 【测试用例】[省站点]PM10赣榆区筛选结果满足
2020-08-31	15:35:48 输入用户名:操作完成
2020-08-31	15:35:49 输入密码:操作完成
2020-08-31	15:35:50 点击登录:操作完成
2020-08-31	15:35:54 【测试用例】大气环境综合平台跳转测试用例执行成功！
2020-08-31	15:35:57 【测试用例】[国控站点]AQI连云港筛选结果满足
2020-08-31	15:35:59 【测试用例】[国控站点]AQI连云区筛选结果满足
2020-08-31	15:36:01 【测试用例】[国控站点]AQI新浦区筛选结果满足
2020-08-31	15:36:03 【测试用例】[国控站点]AQI海州区筛选结果满足
2020-08-31	15:36:05 【测试用例】[国控站点]AQI赣榆区筛选结果满足
2020-08-31	15:36:07 【测试用例】[国控站点]AQI东海县筛选结果满足
2020-08-31	15:36:10 【测试用例】[国控站点]AQI灌云县筛选结果满足
2020-08-31	15:36:12 【测试用例】[国控站点]AQI灌云县筛选结果满足
2020-08-31	15:36:14 【测试用例】[国控站点]AQI连云港经济技术开发区筛选结果满足
2020-08-31	15:36:15 【测试用例】[国控站点]PM2.5点击页签成功
2020-08-31	15:36:18 【测试用例】[国控站点]PM2.5连云港筛选结果满足
2020-08-31	15:36:20 【测试用例】[国控站点]PM2.5连云区筛选结果满足
2020-08-31	15:36:22 【测试用例】[国控站点]PM2.5新浦区筛选结果满足
2020-08-31	15:36:24 【测试用例】[国控站点]PM2.5海州区筛选结果满足
2020-08-31	15:36:27 【测试用例】[国控站点]PM2.5赣榆区筛选结果满足
2020-08-31	15:36:29 【测试用例】[国控站点]PM2.5东海县筛选结果满足
2020-08-31	15:36:31 【测试用例】[国控站点]PM2.5灌云县筛选结果满足
2020-08-31	15:36:33 【测试用例】[国控站点]PM2.5灌云县筛选结果满足
2020-08-31	15:36:35 【测试用例】[国控站点]PM2.5连云港经济技术开发区筛选结果满足
2020-08-31	15:36:36 【测试用例】[国控站点]PM10点击页签成功
2020-08-31	15:36:39 【测试用例】[国控站点]PM10连云港筛选结果满足
2020-08-31	15:36:41 【测试用例】[国控站点]PM10连云区筛选结果满足
2020-08-31	15:36:43 【测试用例】[国控站点]PM10新浦区筛选结果满足
2020-08-31	15:36:45 【测试用例】[国控站点]PM10海州区筛选结果满足
2020-08-31	15:36:48 【测试用例】[国控站点]PM10赣榆区筛选结果满足
2020-08-31	15:36:50 【测试用例】[国控站点]PM10东海县筛选结果满足
2020-08-31	15:36:52 【测试用例】[国控站点]PM10灌云县筛选结果满足
2020-08-31	15:36:54 【测试用例】[国控站点]PM10灌云县筛选结果满足
2020-08-31	15:36:56 【测试用例】[国控站点]PM10连云港经济技术开发区筛选结果满足
2020-08-31	15:36:57 【测试用例】[国控站点]SO2点击页签成功
2020-08-31	15:42:29 输入用户名:操作完成
2020-08-31	15:42:30 输入密码:操作完成
2020-08-31	15:42:31 点击登录:操作完成
2020-08-31	15:42:35 【测试用例】大气环境综合平台跳转测试用例执行成功！
2020-08-31	15:42:38 【测试用例】[国控站点]AQI连云港筛选结果满足
2020-08-31	15:42:40 【测试用例】[国控站点]AQI连云区筛选结果满足
2020-08-31	15:42:42 【测试用例】[国控站点]AQI新浦区筛选结果满足
2020-08-31	15:42:44 【测试用例】[国控站点]AQI海州区筛选结果满足
2020-08-31	15:42:46 【测试用例】[国控站点]AQI赣榆区筛选结果满足
2020-08-31	15:42:49 【测试用例】[国控站点]AQI东海县筛选结果满足
2020-08-31	15:42:51 【测试用例】[国控站点]AQI灌云县筛选结果满足
2020-08-31	15:42:53 【测试用例】[国控站点]AQI灌云县筛选结果满足
2020-08-31	15:42:55 【测试用例】[国控站点]AQI连云港经济技术开发区筛选结果满足
2020-08-31	15:42:56 【测试用例】[国控站点]PM2.5点击页签成功
2020-08-31	15:42:59 【测试用例】[国控站点]PM2.5连云港筛选结果满足
2020-08-31	15:43:01 【测试用例】[国控站点]PM2.5连云区筛选结果满足
2020-08-31	15:43:03 【测试用例】[国控站点]PM2.5新浦区筛选结果满足
2020-08-31	15:43:05 【测试用例】[国控站点]PM2.5海州区筛选结果满足
2020-08-31	15:43:08 【测试用例】[国控站点]PM2.5赣榆区筛选结果满足
2020-08-31	15:43:10 【测试用例】[国控站点]PM2.5东海县筛选结果满足
2020-08-31	15:43:12 【测试用例】[国控站点]PM2.5灌云县筛选结果满足
2020-08-31	15:43:14 【测试用例】[国控站点]PM2.5灌云县筛选结果满足
2020-08-31	15:43:16 【测试用例】[国控站点]PM2.5连云港经济技术开发区筛选结果满足
2020-08-31	15:43:17 【测试用例】[国控站点]PM10点击页签成功
2020-08-31	15:43:20 【测试用例】[国控站点]PM10连云港筛选结果满足
2020-08-31	15:43:22 【测试用例】[国控站点]PM10连云区筛选结果满足
2020-08-31	15:43:25 【测试用例】[国控站点]PM10新浦区筛选结果满足
2020-08-31	15:43:27 【测试用例】[国控站点]PM10海州区筛选结果满足
2020-08-31	15:43:29 【测试用例】[国控站点]PM10赣榆区筛选结果满足
2020-08-31	15:43:31 【测试用例】[国控站点]PM10东海县筛选结果满足
2020-08-31	15:43:33 【测试用例】[国控站点]PM10灌云县筛选结果满足
2020-08-31	15:43:35 【测试用例】[国控站点]PM10灌云县筛选结果满足
2020-08-31	15:43:37 【测试用例】[国控站点]PM10连云港经济技术开发区筛选结果满足
2020-08-31	15:43:38 【测试用例】[国控站点]SO2点击页签成功
2020-08-31	15:43:42 【测试用例】[国控站点]SO2连云港筛选结果满足
2020-08-31	15:43:44 【测试用例】[国控站点]SO2连云区筛选结果满足
2020-08-31	15:43:46 【测试用例】[国控站点]SO2新浦区筛选结果满足
2020-08-31	15:43:48 【测试用例】[国控站点]SO2海州区筛选结果满足
2020-08-31	15:43:51 【测试用例】[国控站点]SO2赣榆区筛选结果满足
2020-08-31	15:43:53 【测试用例】[国控站点]SO2东海县筛选结果满足
2020-08-31	15:43:55 【测试用例】[国控站点]SO2灌云县筛选结果满足
2020-08-31	15:43:57 【测试用例】[国控站点]SO2灌云县筛选结果满足
2020-08-31	15:43:59 【测试用例】[国控站点]SO2连云港经济技术开发区筛选结果满足
2020-08-31	15:44:00 【测试用例】[国控站点]NO2点击页签成功
2020-08-31	15:44:03 【测试用例】[国控站点]NO2连云港筛选结果满足
2020-08-31	15:44:05 【测试用例】[国控站点]NO2连云区筛选结果满足
2020-08-31	15:44:07 【测试用例】[国控站点]NO2新浦区筛选结果满足
2020-08-31	15:44:10 【测试用例】[国控站点]NO2海州区筛选结果满足
2020-08-31	15:44:12 【测试用例】[国控站点]NO2赣榆区筛选结果满足
2020-08-31	15:44:14 【测试用例】[国控站点]NO2东海县筛选结果满足
2020-08-31	15:44:16 【测试用例】[国控站点]NO2灌云县筛选结果满足
2020-08-31	15:44:18 【测试用例】[国控站点]NO2灌云县筛选结果满足
2020-08-31	15:44:20 【测试用例】[国控站点]NO2连云港经济技术开发区筛选结果满足
2020-08-31	15:44:21 【测试用例】[国控站点]CO点击页签成功
2020-08-31	15:44:24 【测试用例】[国控站点]CO连云港筛选结果满足
2020-08-31	15:44:26 【测试用例】[国控站点]CO连云区筛选结果满足
2020-08-31	15:44:28 【测试用例】[国控站点]CO新浦区筛选结果满足
2020-08-31	15:44:31 【测试用例】[国控站点]CO海州区筛选结果满足
2020-08-31	15:44:33 【测试用例】[国控站点]CO赣榆区筛选结果满足
2020-08-31	15:44:35 【测试用例】[国控站点]CO东海县筛选结果满足
2020-08-31	15:44:37 【测试用例】[国控站点]CO灌云县筛选结果满足
2020-08-31	15:44:39 【测试用例】[国控站点]CO灌云县筛选结果满足
2020-08-31	15:44:41 【测试用例】[国控站点]CO连云港经济技术开发区筛选结果满足
2020-08-31	15:44:42 【测试用例】[国控站点]O3点击页签成功
2020-08-31	15:44:45 【测试用例】[国控站点]O3连云港筛选结果满足
2020-08-31	15:44:47 【测试用例】[国控站点]O3连云区筛选结果满足
2020-08-31	15:44:49 【测试用例】[国控站点]O3新浦区筛选结果满足
2020-08-31	15:44:52 【测试用例】[国控站点]O3海州区筛选结果满足
2020-08-31	15:44:54 【测试用例】[国控站点]O3赣榆区筛选结果满足
2020-08-31	15:44:56 【测试用例】[国控站点]O3东海县筛选结果满足
2020-08-31	15:44:58 【测试用例】[国控站点]O3灌云县筛选结果满足
2020-08-31	15:45:00 【测试用例】[国控站点]O3灌云县筛选结果满足
2020-08-31	15:45:02 【测试用例】[国控站点]O3连云港经济技术开发区筛选结果满足
2020-08-31	15:45:05 【测试用例】[省站点]AQI连云港筛选结果满足
2020-08-31	15:45:08 【测试用例】[省站点]AQI连云区筛选结果满足
2020-08-31	15:45:10 【测试用例】[省站点]AQI新浦区筛选结果满足
2020-08-31	15:45:12 【测试用例】[省站点]AQI海州区筛选结果满足
2020-08-31	15:45:14 【测试用例】[省站点]AQI赣榆区筛选结果满足
2020-08-31	15:45:17 【测试用例】[省站点]AQI东海县筛选结果满足
2020-08-31	15:45:19 【测试用例】[省站点]AQI灌云县筛选结果满足
2020-08-31	15:45:21 【测试用例】[省站点]AQI灌云县筛选结果满足
2020-08-31	15:45:23 【测试用例】[省站点]AQI连云港经济技术开发区筛选结果满足
2020-08-31	15:45:24 【测试用例】[省站点]PM2.5点击页签成功
2020-08-31	15:45:28 【测试用例】[省站点]PM2.5连云港筛选结果满足
2020-08-31	15:45:30 【测试用例】[省站点]PM2.5连云区筛选结果满足
2020-08-31	15:45:32 【测试用例】[省站点]PM2.5新浦区筛选结果满足
2020-08-31	15:45:34 【测试用例】[省站点]PM2.5海州区筛选结果满足
2020-08-31	15:45:36 【测试用例】[省站点]PM2.5赣榆区筛选结果满足
2020-08-31	15:45:39 【测试用例】[省站点]PM2.5东海县筛选结果满足
2020-08-31	15:45:41 【测试用例】[省站点]PM2.5灌云县筛选结果满足
2020-08-31	15:45:43 【测试用例】[省站点]PM2.5灌云县筛选结果满足
2020-08-31	15:45:45 【测试用例】[省站点]PM2.5连云港经济技术开发区筛选结果满足
2020-08-31	15:45:47 【测试用例】[省站点]PM10点击页签成功
2020-08-31	15:45:50 【测试用例】[省站点]PM10连云港筛选结果满足
2020-08-31	15:45:52 【测试用例】[省站点]PM10连云区筛选结果满足
2020-08-31	15:45:54 【测试用例】[省站点]PM10新浦区筛选结果满足
2020-08-31	15:45:56 【测试用例】[省站点]PM10海州区筛选结果满足
2020-08-31	15:45:58 【测试用例】[省站点]PM10赣榆区筛选结果满足
2020-08-31	15:46:01 【测试用例】[省站点]PM10东海县筛选结果满足
2020-08-31	15:46:03 【测试用例】[省站点]PM10灌云县筛选结果满足
2020-08-31	15:46:06 【测试用例】[省站点]PM10灌云县筛选结果满足
2020-08-31	15:46:08 【测试用例】[省站点]PM10连云港经济技术开发区筛选结果满足
2020-08-31	15:46:09 【测试用例】[省站点]SO2点击页签成功
2020-08-31	15:46:12 【测试用例】[省站点]SO2连云港筛选结果满足
2020-08-31	15:46:14 【测试用例】[省站点]SO2连云区筛选结果满足
2020-08-31	15:46:16 【测试用例】[省站点]SO2新浦区筛选结果满足
2020-08-31	15:46:18 【测试用例】[省站点]SO2海州区筛选结果满足
2020-08-31	15:46:20 【测试用例】[省站点]SO2赣榆区筛选结果满足
2020-08-31	15:46:23 【测试用例】[省站点]SO2东海县筛选结果满足
2020-08-31	15:46:25 【测试用例】[省站点]SO2灌云县筛选结果满足
2020-08-31	15:46:27 【测试用例】[省站点]SO2灌云县筛选结果满足
2020-08-31	15:46:29 【测试用例】[省站点]SO2连云港经济技术开发区筛选结果满足
2020-08-31	15:46:30 【测试用例】[省站点]NO2点击页签成功
2020-08-31	15:46:34 【测试用例】[省站点]NO2连云港筛选结果满足
2020-08-31	15:46:36 【测试用例】[省站点]NO2连云区筛选结果满足
2020-08-31	15:46:38 【测试用例】[省站点]NO2新浦区筛选结果满足
2020-08-31	15:46:40 【测试用例】[省站点]NO2海州区筛选结果满足
2020-08-31	15:46:42 【测试用例】[省站点]NO2赣榆区筛选结果满足
2020-08-31	15:46:45 【测试用例】[省站点]NO2东海县筛选结果满足
2020-08-31	15:46:47 【测试用例】[省站点]NO2灌云县筛选结果满足
2020-08-31	15:46:49 【测试用例】[省站点]NO2灌云县筛选结果满足
2020-08-31	15:46:51 【测试用例】[省站点]NO2连云港经济技术开发区筛选结果满足
2020-08-31	15:46:52 【测试用例】[省站点]CO点击页签成功
2020-08-31	15:46:55 【测试用例】[省站点]CO连云港筛选结果满足
2020-08-31	15:46:57 【测试用例】[省站点]CO连云区筛选结果满足
2020-08-31	15:46:59 【测试用例】[省站点]CO新浦区筛选结果满足
2020-08-31	15:47:02 【测试用例】[省站点]CO海州区筛选结果满足
2020-08-31	15:47:04 【测试用例】[省站点]CO赣榆区筛选结果满足
2020-08-31	15:47:06 【测试用例】[省站点]CO东海县筛选结果满足
2020-08-31	15:47:08 【测试用例】[省站点]CO灌云县筛选结果满足
2020-08-31	15:47:10 【测试用例】[省站点]CO灌云县筛选结果满足
2020-08-31	15:47:13 【测试用例】[省站点]CO连云港经济技术开发区筛选结果满足
2020-08-31	15:47:14 【测试用例】[省站点]O3点击页签成功
2020-08-31	15:47:17 【测试用例】[省站点]O3连云港筛选结果满足
2020-08-31	15:47:19 【测试用例】[省站点]O3连云区筛选结果满足
2020-08-31	15:47:21 【测试用例】[省站点]O3新浦区筛选结果满足
2020-08-31	15:47:23 【测试用例】[省站点]O3海州区筛选结果满足
2020-08-31	15:47:25 【测试用例】[省站点]O3赣榆区筛选结果满足
2020-08-31	15:47:28 【测试用例】[省站点]O3东海县筛选结果满足
2020-08-31	15:47:30 【测试用例】[省站点]O3灌云县筛选结果满足
2020-08-31	15:47:32 【测试用例】[省站点]O3灌云县筛选结果满足
2020-08-31	15:47:34 【测试用例】[省站点]O3连云港经济技术开发区筛选结果满足
